\BOOKMARK [1][-]{section.1}{\376\377\000b\000i\000t\000X\000o\000r}{}% 1
\BOOKMARK [1][-]{section.2}{\376\377\000t\000h\000i\000r\000d\000B\000i\000t\000s}{}% 2
\BOOKMARK [1][-]{section.3}{\376\377\000f\000i\000t\000s\000S\000h\000o\000r\000t}{}% 3
\BOOKMARK [1][-]{section.4}{\376\377\000i\000s\000T\000m\000a\000x}{}% 4
\BOOKMARK [1][-]{section.5}{\376\377\000f\000i\000t\000s\000B\000i\000t\000s}{}% 5
\BOOKMARK [1][-]{section.6}{\376\377\000u\000p\000p\000e\000r\000B\000i\000t\000s}{}% 6
\BOOKMARK [1][-]{section.7}{\376\377\000a\000n\000y\000O\000d\000d\000B\000i\000t}{}% 7
\BOOKMARK [1][-]{section.8}{\376\377\000b\000y\000t\000e\000S\000w\000a\000p}{}% 8
\BOOKMARK [1][-]{section.9}{\376\377\000a\000b\000s\000V\000a\000l}{}% 9
\BOOKMARK [1][-]{section.10}{\376\377\000d\000i\000v\000p\000w\000r\0002}{}% 10
\BOOKMARK [1][-]{section.11}{\376\377\000f\000l\000o\000a\000t\000\137\000n\000e\000g}{}% 11
\BOOKMARK [1][-]{section.12}{\376\377\000l\000o\000g\000i\000c\000a\000l\000N\000e\000g}{}% 12
\BOOKMARK [1][-]{section.13}{\376\377\000b\000i\000t\000M\000a\000s\000k}{}% 13
\BOOKMARK [1][-]{section.14}{\376\377\000i\000s\000G\000r\000e\000a\000t\000e\000r}{}% 14
\BOOKMARK [1][-]{section.15}{\376\377\000l\000o\000g\000i\000c\000a\000l\000S\000h\000i\000f\000t}{}% 15
\BOOKMARK [1][-]{section.16}{\376\377\000s\000a\000t\000M\000u\000l\0002}{}% 16
\BOOKMARK [1][-]{section.17}{\376\377\000s\000u\000b\000O\000K}{}% 17
\BOOKMARK [1][-]{section.18}{\376\377\000t\000r\000u\000e\000T\000h\000r\000e\000e\000F\000o\000u\000r\000t\000h\000s}{}% 18
\BOOKMARK [1][-]{section.19}{\376\377\000i\000s\000P\000o\000w\000e\000r\0002}{}% 19
\BOOKMARK [1][-]{section.20}{\376\377\000f\000l\000o\000a\000t\000\137\000i\0002\000f}{}% 20
\BOOKMARK [1][-]{section.21}{\376\377\000h\000o\000w\000M\000a\000n\000y\000B\000i\000t\000s}{}% 21
\BOOKMARK [1][-]{section.22}{\376\377\000f\000l\000o\000a\000t\000\137\000h\000a\000l\000f}{}% 22
